<?xml version="1.0" encoding="UTF-8"?>
<robot generator="Robot 5.0.1 (Python 3.10.4 on win32)" generated="20231219 13:04:56.072" rpa="false" schemaversion="3">
<suite id="s1" name="testDemo1" source="E:\Robot-Framework\tests\testDemo1.robot">
<test id="s1-t1" name="Validate Successful Login" line="6">
<kw name="open the browser with the Mortgage payment url">
<kw name="Create Webdriver" library="SeleniumLibrary">
<arg>Chrome</arg>
<arg>executable_path=E:/Robot/chromedriver-win32/chromedriver.exe</arg>
<doc>Creates an instance of Selenium WebDriver.</doc>
<msg timestamp="20231219 13:04:56.274" level="INFO">Creating an instance of the Chrome WebDriver.</msg>
<status status="PASS" starttime="20231219 13:04:56.273" endtime="20231219 13:04:57.525"/>
</kw>
<kw name="Go To" library="SeleniumLibrary">
<arg>https://rahulshettyacademy.com/loginpagePractise/</arg>
<doc>Navigates the current browser window to the provided ``url``.</doc>
<msg timestamp="20231219 13:04:57.526" level="INFO">Opening url 'https://rahulshettyacademy.com/loginpagePractise/'</msg>
<status status="PASS" starttime="20231219 13:04:57.525" endtime="20231219 13:04:58.084"/>
</kw>
<status status="PASS" starttime="20231219 13:04:56.273" endtime="20231219 13:04:58.085"/>
</kw>
<kw name="Fill the login Form">
<kw name="Input Text" library="SeleniumLibrary">
<arg>id:username</arg>
<arg>sayanbcroy@gmail.com</arg>
<doc>Types the given ``text`` into the text field identified by ``locator``.</doc>
<msg timestamp="20231219 13:04:58.086" level="INFO">Typing text 'sayanbcroy@gmail.com' into text field 'id:username'.</msg>
<status status="PASS" starttime="20231219 13:04:58.086" endtime="20231219 13:04:58.203"/>
</kw>
<kw name="Input Password" library="SeleniumLibrary">
<arg>id:password</arg>
<arg>1234</arg>
<doc>Types the given password into the text field identified by ``locator``.</doc>
<msg timestamp="20231219 13:04:58.204" level="INFO">Typing password into text field 'id:password'.</msg>
<msg timestamp="20231219 13:04:58.236" level="INFO">Temporally setting log level to: NONE</msg>
<msg timestamp="20231219 13:04:58.279" level="INFO">Log level changed from NONE to INFO.</msg>
<status status="PASS" starttime="20231219 13:04:58.203" endtime="20231219 13:04:58.279"/>
</kw>
<kw name="Click Button" library="SeleniumLibrary">
<arg>id:signInBtn</arg>
<doc>Clicks the button identified by ``locator``.</doc>
<msg timestamp="20231219 13:04:58.280" level="INFO">Clicking button 'id:signInBtn'.</msg>
<status status="PASS" starttime="20231219 13:04:58.279" endtime="20231219 13:04:58.328"/>
</kw>
<status status="PASS" starttime="20231219 13:04:58.085" endtime="20231219 13:04:58.328"/>
</kw>
<status status="PASS" starttime="20231219 13:04:56.272" endtime="20231219 13:04:58.328"/>
</test>
<doc>TO validate the Login form</doc>
<status status="PASS" starttime="20231219 13:04:56.073" endtime="20231219 13:04:58.329"/>
</suite>
<statistics>
<total>
<stat pass="1" fail="0" skip="0">All Tests</stat>
</total>
<tag>
</tag>
<suite>
<stat pass="1" fail="0" skip="0" id="s1" name="testDemo1">testDemo1</stat>
</suite>
</statistics>
<errors>
</errors>
</robot>
